app/build/outputs/logs/manifest-merger-debug-report.txt
-- Merging decision tree log ---
manifest
ADDED from AndroidManifest.xml:2:1
	xmlns:android
		ADDED from AndroidManifest.xml:2:11
	package
		ADDED from AndroidManifest.xml:3:5
		INJECTED from AndroidManifest.xml:0:0
		INJECTED from AndroidManifest.xml:0:0
	android:versionName
		INJECTED from AndroidManifest.xml:0:0
		INJECTED from AndroidManifest.xml:0:0
	android:versionCode
		INJECTED from AndroidManifest.xml:0:0
		INJECTED from AndroidManifest.xml:0:0
uses-permission#android.permission.INTERNET
ADDED from AndroidManifest.xml:4:5
	android:name
		ADDED from AndroidManifest.xml:4:22
application
ADDED from AndroidManifest.xml:5:5
MERGED from com.android.support:appcompat-v7:23.0.1:22:5
MERGED from com.android.support:support-v4:23.0.1:22:5
MERGED from com.android.support:support-v4:23.0.1:22:5
MERGED from com.mcxiaoke.volley:library-aar:1.0.0:5:5
	android:label
		ADDED from AndroidManifest.xml:9:9
	android:allowBackup
		ADDED from AndroidManifest.xml:7:9
	android:icon
		ADDED from AndroidManifest.xml:8:9
	android:theme
		ADDED from AndroidManifest.xml:10:9
	android:name
		ADDED from AndroidManifest.xml:6:9
activity#com.myfirstapp.shivamgupta.borrowcash.MainActivity
ADDED from AndroidManifest.xml:11:9
	android:label
		ADDED from AndroidManifest.xml:13:13
	android:name
		ADDED from AndroidManifest.xml:12:13
intent-filter#android.intent.action.MAIN+android.intent.category.LAUNCHER
ADDED from AndroidManifest.xml:14:13
action#android.intent.action.MAIN
ADDED from AndroidManifest.xml:15:17
	android:name
		ADDED from AndroidManifest.xml:15:25
category#android.intent.category.LAUNCHER
ADDED from AndroidManifest.xml:17:17
	android:name
		ADDED from AndroidManifest.xml:17:27
activity#com.myfirstapp.shivamgupta.borrowcash.SecondActivity
ADDED from AndroidManifest.xml:21:9
	android:label
		ADDED from AndroidManifest.xml:23:13
	android:name
		ADDED from AndroidManifest.xml:22:13
intent-filter#android.intent.category.DEFAULT+com.myfirstapp.shivamgupta.borrowcash.SecondActivity
ADDED from AndroidManifest.xml:24:13
action#com.myfirstapp.shivamgupta.borrowcash.SecondActivity
ADDED from AndroidManifest.xml:25:17
	android:name
		ADDED from AndroidManifest.xml:25:25
category#android.intent.category.DEFAULT
ADDED from AndroidManifest.xml:27:17
	android:name
		ADDED from AndroidManifest.xml:27:27
activity#com.myfirstapp.shivamgupta.borrowcash.RegisterActivity
ADDED from AndroidManifest.xml:31:9
	android:label
		ADDED from AndroidManifest.xml:33:13
	android:name
		ADDED from AndroidManifest.xml:32:13
intent-filter#android.intent.category.DEFAULT+com.myfirstapp.shivamgupta.borrowcash.RegisterActivity
ADDED from AndroidManifest.xml:34:13
action#com.myfirstapp.shivamgupta.borrowcash.RegisterActivity
ADDED from AndroidManifest.xml:35:17
	android:name
		ADDED from AndroidManifest.xml:35:25
activity#com.myfirstapp.shivamgupta.borrowcash.LenderActivity
ADDED from AndroidManifest.xml:41:9
	android:label
		ADDED from AndroidManifest.xml:43:13
	android:name
		ADDED from AndroidManifest.xml:42:13
intent-filter#android.intent.category.DEFAULT+com.myfirstapp.shivamgupta.borrowcash.LenderActivity
ADDED from AndroidManifest.xml:44:13
action#com.myfirstapp.shivamgupta.borrowcash.LenderActivity
ADDED from AndroidManifest.xml:45:17
	android:name
		ADDED from AndroidManifest.xml:45:25
activity#com.myfirstapp.shivamgupta.borrowcash.BorrowerActivity
ADDED from AndroidManifest.xml:51:9
	android:label
		ADDED from AndroidManifest.xml:53:9
	android:name
		ADDED from AndroidManifest.xml:52:9
intent-filter#android.intent.category.DEFAULT+com.myfirstapp.shivamgupta.borrowcash.BorrowerActivity
ADDED from AndroidManifest.xml:54:9
action#com.myfirstapp.shivamgupta.borrowcash.BorrowerActivity
ADDED from AndroidManifest.xml:55:13
	android:name
		ADDED from AndroidManifest.xml:55:21
activity#com.myfirstapp.shivamgupta.borrowcash.CalculatorActivity
ADDED from AndroidManifest.xml:61:9
	android:label
		ADDED from AndroidManifest.xml:63:13
	android:name
		ADDED from AndroidManifest.xml:62:13
intent-filter#android.intent.category.DEFAULT+com.myfirstapp.shivamgupta.borrowcash.CalculatorActivity
ADDED from AndroidManifest.xml:64:13
action#com.myfirstapp.shivamgupta.borrowcash.CalculatorActivity
ADDED from AndroidManifest.xml:65:17
	android:name
		ADDED from AndroidManifest.xml:65:25
activity#com.myfirstapp.shivamgupta.borrowcash.LoginActivity
ADDED from AndroidManifest.xml:71:9
	android:label
		ADDED from AndroidManifest.xml:73:13
	android:name
		ADDED from AndroidManifest.xml:72:13
intent-filter#android.intent.category.DEFAULT+com.myfirstapp.shivamgupta.borrowcash.LoginActivity
ADDED from AndroidManifest.xml:74:13
action#com.myfirstapp.shivamgupta.borrowcash.LoginActivity
ADDED from AndroidManifest.xml:75:17
	android:name
		ADDED from AndroidManifest.xml:75:25
activity#com.myfirstapp.shivamgupta.borrowcash.MyAccount
ADDED from AndroidManifest.xml:80:9
	android:label
		ADDED from AndroidManifest.xml:82:13
	android:name
		ADDED from AndroidManifest.xml:81:13
intent-filter#android.intent.category.DEFAULT+com.myfirstapp.shivamgupta.borrowcash.MyAccount
ADDED from AndroidManifest.xml:83:13
action#com.myfirstapp.shivamgupta.borrowcash.MyAccount
ADDED from AndroidManifest.xml:84:17
	android:name
		ADDED from AndroidManifest.xml:84:25
activity#com.myfirstapp.shivamgupta.borrowcash.ContactUs
ADDED from AndroidManifest.xml:89:9
	android:label
		ADDED from AndroidManifest.xml:91:13
	android:name
		ADDED from AndroidManifest.xml:90:13
intent-filter#android.intent.category.DEFAULT+com.myfirstapp.shivamgupta.borrowcash.ContactUs
ADDED from AndroidManifest.xml:92:13
action#com.myfirstapp.shivamgupta.borrowcash.ContactUs
ADDED from AndroidManifest.xml:93:17
	android:name
		ADDED from AndroidManifest.xml:93:25
activity#com.myfirstapp.shivamgupta.borrowcash.DetailsActivity
ADDED from AndroidManifest.xml:98:9
	android:label
		ADDED from AndroidManifest.xml:100:13
	android:name
		ADDED from AndroidManifest.xml:99:13
intent-filter#android.intent.category.DEFAULT+com.myfirstapp.shivamgupta.borrowcash.DetailsActivity
ADDED from AndroidManifest.xml:101:13
action#com.myfirstapp.shivamgupta.borrowcash.DetailsActivity
ADDED from AndroidManifest.xml:102:17
	android:name
		ADDED from AndroidManifest.xml:102:25
activity#com.myfirstapp.shivamgupta.borrowcash.GalleryActivity
ADDED from AndroidManifest.xml:107:9
	android:label
		ADDED from AndroidManifest.xml:109:13
	android:name
		ADDED from AndroidManifest.xml:108:13
intent-filter#android.intent.category.DEFAULT+com.myfirstapp.shivamgupta.borrowcash.GalleryActivity
ADDED from AndroidManifest.xml:110:13
action#com.myfirstapp.shivamgupta.borrowcash.GalleryActivity
ADDED from AndroidManifest.xml:111:17
	android:name
		ADDED from AndroidManifest.xml:111:25
uses-sdk
INJECTED from AndroidManifest.xml:0:0 reason: use-sdk injection requested
MERGED from com.android.support:appcompat-v7:23.0.1:20:5
MERGED from com.android.support:support-v4:23.0.1:20:5
MERGED from com.android.support:support-v4:23.0.1:20:5
MERGED from com.mcxiaoke.volley:library-aar:1.0.0:3:5
	android:targetSdkVersion
		INJECTED from AndroidManifest.xml:0:0
		INJECTED from AndroidManifest.xml:0:0
	android:minSdkVersion
		INJECTED from AndroidManifest.xml:0:0
		INJECTED from AndroidManifest.xml:0:0